clr(2018-09-17 13:56:12.966clr(2018-09-17 13:56:12.976clr(2018-09-17 13:56:13.662clr(2018-09-17 13:56:13.676clr(2018-09-17 13:56:13.749clr(2018-09-17 13:56:14.053clr(2018-09-17 13:56:14.068clr(2018-09-17 13:56:14.069clr(2018-09-17 13:56:14.072clr(2018-09-17 13:56:14.145clr(2018-09-17 13:56:14.145clr(2018-09-17 13:56:14.268clr(2018-09-17 13:56:14.268clr(2018-09-17 13:56:14.280clr(2018-09-17 13:56:14.974clr(2018-09-17 13:56:14.974clr(2018-09-17 13:56:14.975clr(2018-09-17 13:56:14.975clr(2018-09-17 13:56:14.975clr(2018-09-17 13:56:14.975clr(2018-09-17 13:56:14.975clr(2018-09-17 13:56:15.020clr(2018-09-17 13:56:15.020clr(2018-09-17 13:56:15.076clr(2018-09-17 13:56:15.233clr(2018-09-17 13:56:15.311clr(2018-09-17 13:56:15.315clr(2018-09-17 13:56:15.316clr(2018-09-17 13:56:15.358clr(2018-09-17 13:56:15.358clr(2018-09-17 13:56:15.710clr(2018-09-17 13:56:15.711clr(2018-09-17 13:56:15.827clr(2018-09-17 13:56:15.835clr(2018-09-17 13:56:15.836clr(2018-09-17 13:56:15.836clr(2018-09-17 13:56:15.836clr(2018-09-17 13:56:15.837clr(2018-09-17 13:56:15.837clr(2018-09-17 13:56:15.837clr(2018-09-17 13:56:15.837clr(2018-09-17 13:56:15.838clr(2018-09-17 13:56:15.838clr(2018-09-17 13:56:15.838clr(2018-09-17 13:56:15.838clr(2018-09-17 13:56:15.839clr(2018-09-17 13:56:15.839clr(2018-09-17 13:56:15.839clr(2018-09-17 13:56:15.839clr(2018-09-17 13:56:15.839clr(2018-09-17 13:56:15.839clr(2018-09-17 13:56:15.840clr(2018-09-17 13:56:15.840clr(2018-09-17 13:56:15.840clr(2018-09-17 13:56:15.840clr(2018-09-17 13:56:15.840clr(2018-09-17 13:56:15.841clr(2018-09-17 13:56:15.841clr(2018-09-17 13:56:15.841clr(2018-09-17 13:56:15.842clr(2018-09-17 13:56:15.882clr(2018-09-17 13:56:15.889clr(2018-09-17 13:56:15.890clr(2018-09-17 13:56:15.892clr(2018-09-17 13:56:15.894clr(2018-09-17 13:56:15.901clr(2018-09-17 13:56:15.909clr(2018-09-17 13:56:15.917clr(2018-09-17 13:56:15.933clr(2018-09-17 13:56:15.991clr(2018-09-17 13:56:16.230clr(2018-09-17 13:56:16.230clr(2018-09-17 13:56:16.339clr(2018-09-17 13:56:16.339clr(2018-09-17 13:56:16.466clr(2018-09-17 13:56:16.487clr(2018-09-17 13:56:16.487clr(2018-09-17 13:56:16.487clr(2018-09-17 13:56:16.487clr(2018-09-17 13:56:16.487clr(2018-09-17 13:56:16.487clr(2018-09-17 13:56:16.487clr(2018-09-17 13:56:16.629clr(2018-09-17 13:56:16.631clr(2018-09-17 13:56:16.633clr(2018-09-17 13:56:16.636clr(2018-09-17 13:56:16.638clr(2018-09-17 13:56:16.638clr(2018-09-17 13:56:16.639clr(2018-09-17 13:56:16.669clr(2018-09-17 13:56:16.694clr(2018-09-17 13:56:16.695clr(2018-09-17 13:56:16.700clr(2018-09-17 13:56:17.232clr(2018-09-17 13:56:17.233clr(2018-09-17 13:56:17.252clr(2018-09-17 14:01:16.490clr(2018-09-17 14:02:05.049clr(2018-09-17 14:02:05.050clr(2018-09-17 14:02:05.050clr(2018-09-17 14:02:05.050clr(2018-09-17 14:02:05.052clr(2018-09-17 14:02:05.054clr(2018-09-17 14:02:05.054clr(2018-09-17 14:02:05.056clr(2018-09-17 14:02:05.057clr(2018-09-17 14:02:05.0592018-09-17 14:02:10.208  INFO 4566 --- [main] c.s.n.s.s.ServiceUserApplication         : No active profile set, falling back to default profiles: default
2018-09-17 14:02:10.217  INFO 4566 --- [main] ConfigServletWebServerApplicationContext : Refreshing org.springframework.boot.web.servlet.context.AnnotationConfigServletWebServerApplicationContext@26ceffa8: startup date [Mon Sep 17 14:02:10 CST 2018]; parent: org.springframework.context.annotation.AnnotationConfigApplicationContext@49e53c76
2018-09-17 14:02:10.962  INFO 4566 --- [main] o.s.cloud.context.scope.GenericScope     : BeanFactory id=58c77c35-66a2-3a52-b5e9-edab2023cce6
2018-09-17 14:02:10.975  INFO 4566 --- [main] f.a.AutowiredAnnotationBeanPostProcessor : JSR-330 'javax.inject.Inject' annotation found and supported for autowiring
2018-09-17 14:02:11.047  INFO 4566 --- [main] trationDelegate$BeanPostProcessorChecker : Bean 'org.springframework.cloud.autoconfigure.ConfigurationPropertiesRebinderAutoConfiguration' of type [org.springframework.cloud.autoconfigure.ConfigurationPropertiesRebinderAutoConfiguration$$EnhancerBySpringCGLIB$$a4218ca6] is not eligible for getting processed by all BeanPostProcessors (for example: not eligible for auto-proxying)
2018-09-17 14:02:11.353  INFO 4566 --- [main] o.s.b.w.embedded.tomcat.TomcatWebServer  : Tomcat initialized with port(s): 8763 (http)
2018-09-17 14:02:11.368  INFO 4566 --- [main] o.apache.catalina.core.StandardService   : Starting service [Tomcat]
2018-09-17 14:02:11.368  INFO 4566 --- [main] org.apache.catalina.core.StandardEngine  : Starting Servlet Engine: Apache Tomcat/8.5.34
2018-09-17 14:02:11.372  INFO 4566 --- [localhost-startStop-1] o.a.catalina.core.AprLifecycleListener   : The APR based Apache Tomcat Native library which allows optimal performance in production environments was not found on the java.library.path: [/Users/liangbo/Library/Java/Extensions:/Library/Java/Extensions:/Network/Library/Java/Extensions:/System/Library/Java/Extensions:/usr/lib/java:.]
2018-09-17 14:02:11.451  INFO 4566 --- [localhost-startStop-1] o.a.c.c.C.[Tomcat].[localhost].[/]       : Initializing Spring embedded WebApplicationContext
2018-09-17 14:02:11.451  INFO 4566 --- [localhost-startStop-1] o.s.web.context.ContextLoader            : Root WebApplicationContext: initialization completed in 1234 ms
2018-09-17 14:02:11.607  WARN 4566 --- [localhost-startStop-1] c.n.c.sources.URLConfigurationSource     : No URLs will be polled as dynamic configuration sources.
2018-09-17 14:02:11.608  INFO 4566 --- [localhost-startStop-1] c.n.c.sources.URLConfigurationSource     : To enable URLs as dynamic configuration sources, define System property archaius.configurationSource.additionalUrls or make config.properties available on classpath.
2018-09-17 14:02:11.616  INFO 4566 --- [localhost-startStop-1] c.netflix.config.DynamicPropertyFactory  : DynamicPropertyFactory is initialized with configuration sources: com.netflix.config.ConcurrentCompositeConfiguration@14bce0a4
2018-09-17 14:02:12.332  INFO 4566 --- [localhost-startStop-1] o.s.b.w.servlet.FilterRegistrationBean   : Mapping filter: 'characterEncodingFilter' to: [/*]
2018-09-17 14:02:12.332  INFO 4566 --- [localhost-startStop-1] o.s.b.w.servlet.FilterRegistrationBean   : Mapping filter: 'webMvcMetricsFilter' to: [/*]
2018-09-17 14:02:12.333  INFO 4566 --- [localhost-startStop-1] o.s.b.w.servlet.FilterRegistrationBean   : Mapping filter: 'hiddenHttpMethodFilter' to: [/*]
2018-09-17 14:02:12.333  INFO 4566 --- [localhost-startStop-1] o.s.b.w.servlet.FilterRegistrationBean   : Mapping filter: 'httpPutFormContentFilter' to: [/*]
2018-09-17 14:02:12.333  INFO 4566 --- [localhost-startStop-1] o.s.b.w.servlet.FilterRegistrationBean   : Mapping filter: 'requestContextFilter' to: [/*]
2018-09-17 14:02:12.333  INFO 4566 --- [localhost-startStop-1] o.s.b.w.servlet.FilterRegistrationBean   : Mapping filter: 'httpTraceFilter' to: [/*]
2018-09-17 14:02:12.333  INFO 4566 --- [localhost-startStop-1] o.s.b.w.servlet.ServletRegistrationBean  : Servlet dispatcherServlet mapped to [/]
2018-09-17 14:02:12.370  WARN 4566 --- [main] c.n.c.sources.URLConfigurationSource     : No URLs will be polled as dynamic configuration sources.
2018-09-17 14:02:12.370  INFO 4566 --- [main] c.n.c.sources.URLConfigurationSource     : To enable URLs as dynamic configuration sources, define System property archaius.configurationSource.additionalUrls or make config.properties available on classpath.
2018-09-17 14:02:12.422  INFO 4566 --- [main] o.s.w.s.handler.SimpleUrlHandlerMapping  : Mapped URL path [/**/favicon.ico] onto handler of type [class org.springframework.web.servlet.resource.ResourceHttpRequestHandler]
2018-09-17 14:02:12.585  INFO 4566 --- [main] s.w.s.m.m.a.RequestMappingHandlerAdapter : Looking for @ControllerAdvice: org.springframework.boot.web.servlet.context.AnnotationConfigServletWebServerApplicationContext@26ceffa8: startup date [Mon Sep 17 14:02:10 CST 2018]; parent: org.springframework.context.annotation.AnnotationConfigApplicationContext@49e53c76
2018-09-17 14:02:12.682  INFO 4566 --- [main] s.w.s.m.m.a.RequestMappingHandlerMapping : Mapped "{[/user/say]}" onto public java.lang.String com.spring.nahong.service.serviceuser.controller.UserController.say(java.lang.String)
2018-09-17 14:02:12.685  INFO 4566 --- [main] s.w.s.m.m.a.RequestMappingHandlerMapping : Mapped "{[/error]}" onto public org.springframework.http.ResponseEntity<java.util.Map<java.lang.String, java.lang.Object>> org.springframework.boot.autoconfigure.web.servlet.error.BasicErrorController.error(javax.servlet.http.HttpServletRequest)
2018-09-17 14:02:12.686  INFO 4566 --- [main] s.w.s.m.m.a.RequestMappingHandlerMapping : Mapped "{[/error],produces=[text/html]}" onto public org.springframework.web.servlet.ModelAndView org.springframework.boot.autoconfigure.web.servlet.error.BasicErrorController.errorHtml(javax.servlet.http.HttpServletRequest,javax.servlet.http.HttpServletResponse)
2018-09-17 14:02:12.724  INFO 4566 --- [main] o.s.w.s.handler.SimpleUrlHandlerMapping  : Mapped URL path [/webjars/**] onto handler of type [class org.springframework.web.servlet.resource.ResourceHttpRequestHandler]
2018-09-17 14:02:12.725  INFO 4566 --- [main] o.s.w.s.handler.SimpleUrlHandlerMapping  : Mapped URL path [/**] onto handler of type [class org.springframework.web.servlet.resource.ResourceHttpRequestHandler]
2018-09-17 14:02:13.087  INFO 4566 --- [main] o.s.ui.freemarker.SpringTemplateLoader   : SpringTemplateLoader for FreeMarker: using resource loader [org.springframework.boot.web.servlet.context.AnnotationConfigServletWebServerApplicationContext@26ceffa8: startup date [Mon Sep 17 14:02:10 CST 2018]; parent: org.springframework.context.annotation.AnnotationConfigApplicationContext@49e53c76] and template loader path [classpath:/templates/]
2018-09-17 14:02:13.089  INFO 4566 --- [main] o.s.w.s.v.f.FreeMarkerConfigurer         : ClassTemplateLoader for Spring macros added to FreeMarker configuration
2018-09-17 14:02:13.210  INFO 4566 --- [main] o.s.b.a.e.web.EndpointLinksResolver      : Exposing 19 endpoint(s) beneath base path '/actuator'
2018-09-17 14:02:13.218  INFO 4566 --- [main] s.b.a.e.w.s.WebMvcEndpointHandlerMapping : Mapped "{[/actuator/archaius],methods=[GET],produces=[application/vnd.spring-boot.actuator.v2+json || application/json]}" onto public java.lang.Object org.springframework.boot.actuate.endpoint.web.servlet.AbstractWebMvcEndpointHandlerMapping$OperationHandler.handle(javax.servlet.http.HttpServletRequest,java.util.Map<java.lang.String, java.lang.String>)
2018-09-17 14:02:13.219  INFO 4566 --- [main] s.b.a.e.w.s.WebMvcEndpointHandlerMapping : Mapped "{[/actuator/auditevents],methods=[GET],produces=[application/vnd.spring-boot.actuator.v2+json || application/json]}" onto public java.lang.Object org.springframework.boot.actuate.endpoint.web.servlet.AbstractWebMvcEndpointHandlerMapping$OperationHandler.handle(javax.servlet.http.HttpServletRequest,java.util.Map<java.lang.String, java.lang.String>)
2018-09-17 14:02:13.220  INFO 4566 --- [main] s.b.a.e.w.s.WebMvcEndpointHandlerMapping : Mapped "{[/actuator/beans],methods=[GET],produces=[application/vnd.spring-boot.actuator.v2+json || application/json]}" onto public java.lang.Object org.springframework.boot.actuate.endpoint.web.servlet.AbstractWebMvcEndpointHandlerMapping$OperationHandler.handle(javax.servlet.http.HttpServletRequest,java.util.Map<java.lang.String, java.lang.String>)
2018-09-17 14:02:13.220  INFO 4566 --- [main] s.b.a.e.w.s.WebMvcEndpointHandlerMapping : Mapped "{[/actuator/health],methods=[GET],produces=[application/vnd.spring-boot.actuator.v2+json || application/json]}" onto public java.lang.Object org.springframework.boot.actuate.endpoint.web.servlet.AbstractWebMvcEndpointHandlerMapping$OperationHandler.handle(javax.servlet.http.HttpServletRequest,java.util.Map<java.lang.String, java.lang.String>)
2018-09-17 14:02:13.220  INFO 4566 --- [main] s.b.a.e.w.s.WebMvcEndpointHandlerMapping : Mapped "{[/actuator/conditions],methods=[GET],produces=[application/vnd.spring-boot.actuator.v2+json || application/json]}" onto public java.lang.Object org.springframework.boot.actuate.endpoint.web.servlet.AbstractWebMvcEndpointHandlerMapping$OperationHandler.handle(javax.servlet.http.HttpServletRequest,java.util.Map<java.lang.String, java.lang.String>)
2018-09-17 14:02:13.220  INFO 4566 --- [main] s.b.a.e.w.s.WebMvcEndpointHandlerMapping : Mapped "{[/actuator/configprops],methods=[GET],produces=[application/vnd.spring-boot.actuator.v2+json || application/json]}" onto public java.lang.Object org.springframework.boot.actuate.endpoint.web.servlet.AbstractWebMvcEndpointHandlerMapping$OperationHandler.handle(javax.servlet.http.HttpServletRequest,java.util.Map<java.lang.String, java.lang.String>)
2018-09-17 14:02:13.220  INFO 4566 --- [main] s.b.a.e.w.s.WebMvcEndpointHandlerMapping : Mapped "{[/actuator/env],methods=[GET],produces=[application/vnd.spring-boot.actuator.v2+json || application/json]}" onto public java.lang.Object org.springframework.boot.actuate.endpoint.web.servlet.AbstractWebMvcEndpointHandlerMapping$OperationHandler.handle(javax.servlet.http.HttpServletRequest,java.util.Map<java.lang.String, java.lang.String>)
2018-09-17 14:02:13.221  INFO 4566 --- [main] s.b.a.e.w.s.WebMvcEndpointHandlerMapping : Mapped "{[/actuator/env/{toMatch}],methods=[GET],produces=[application/vnd.spring-boot.actuator.v2+json || application/json]}" onto public java.lang.Object org.springframework.boot.actuate.endpoint.web.servlet.AbstractWebMvcEndpointHandlerMapping$OperationHandler.handle(javax.servlet.http.HttpServletRequest,java.util.Map<java.lang.String, java.lang.String>)
2018-09-17 14:02:13.221  INFO 4566 --- [main] s.b.a.e.w.s.WebMvcEndpointHandlerMapping : Mapped "{[/actuator/env],methods=[POST],consumes=[application/vnd.spring-boot.actuator.v2+json || application/json],produces=[application/vnd.spring-boot.actuator.v2+json || application/json]}" onto public java.lang.Object org.springframework.boot.actuate.endpoint.web.servlet.AbstractWebMvcEndpointHandlerMapping$OperationHandler.handle(javax.servlet.http.HttpServletRequest,java.util.Map<java.lang.String, java.lang.String>)
2018-09-17 14:02:13.221  INFO 4566 --- [main] s.b.a.e.w.s.WebMvcEndpointHandlerMapping : Mapped "{[/actuator/env],methods=[DELETE],produces=[application/vnd.spring-boot.actuator.v2+json || application/json]}" onto public java.lang.Object org.springframework.boot.actuate.endpoint.web.servlet.AbstractWebMvcEndpointHandlerMapping$OperationHandler.handle(javax.servlet.http.HttpServletRequest,java.util.Map<java.lang.String, java.lang.String>)
2018-09-17 14:02:13.222  INFO 4566 --- [main] s.b.a.e.w.s.WebMvcEndpointHandlerMapping : Mapped "{[/actuator/info],methods=[GET],produces=[application/vnd.spring-boot.actuator.v2+json || application/json]}" onto public java.lang.Object org.springframework.boot.actuate.endpoint.web.servlet.AbstractWebMvcEndpointHandlerMapping$OperationHandler.handle(javax.servlet.http.HttpServletRequest,java.util.Map<java.lang.String, java.lang.String>)
2018-09-17 14:02:13.222  INFO 4566 --- [main] s.b.a.e.w.s.WebMvcEndpointHandlerMapping : Mapped "{[/actuator/logfile],methods=[GET],produces=[application/octet-stream]}" onto public java.lang.Object org.springframework.boot.actuate.endpoint.web.servlet.AbstractWebMvcEndpointHandlerMapping$OperationHandler.handle(javax.servlet.http.HttpServletRequest,java.util.Map<java.lang.String, java.lang.String>)
2018-09-17 14:02:13.222  INFO 4566 --- [main] s.b.a.e.w.s.WebMvcEndpointHandlerMapping : Mapped "{[/actuator/loggers/{name}],methods=[POST],consumes=[application/vnd.spring-boot.actuator.v2+json || application/json]}" onto public java.lang.Object org.springframework.boot.actuate.endpoint.web.servlet.AbstractWebMvcEndpointHandlerMapping$OperationHandler.handle(javax.servlet.http.HttpServletRequest,java.util.Map<java.lang.String, java.lang.String>)
2018-09-17 14:02:13.222  INFO 4566 --- [main] s.b.a.e.w.s.WebMvcEndpointHandlerMapping : Mapped "{[/actuator/loggers/{name}],methods=[GET],produces=[application/vnd.spring-boot.actuator.v2+json || application/json]}" onto public java.lang.Object org.springframework.boot.actuate.endpoint.web.servlet.AbstractWebMvcEndpointHandlerMapping$OperationHandler.handle(javax.servlet.http.HttpServletRequest,java.util.Map<java.lang.String, java.lang.String>)
2018-09-17 14:02:13.222  INFO 4566 --- [main] s.b.a.e.w.s.WebMvcEndpointHandlerMapping : Mapped "{[/actuator/loggers],methods=[GET],produces=[application/vnd.spring-boot.actuator.v2+json || application/json]}" onto public java.lang.Object org.springframework.boot.actuate.endpoint.web.servlet.AbstractWebMvcEndpointHandlerMapping$OperationHandler.handle(javax.servlet.http.HttpServletRequest,java.util.Map<java.lang.String, java.lang.String>)
2018-09-17 14:02:13.223  INFO 4566 --- [main] s.b.a.e.w.s.WebMvcEndpointHandlerMapping : Mapped "{[/actuator/heapdump],methods=[GET],produces=[application/octet-stream]}" onto public java.lang.Object org.springframework.boot.actuate.endpoint.web.servlet.AbstractWebMvcEndpointHandlerMapping$OperationHandler.handle(javax.servlet.http.HttpServletRequest,java.util.Map<java.lang.String, java.lang.String>)
2018-09-17 14:02:13.223  INFO 4566 --- [main] s.b.a.e.w.s.WebMvcEndpointHandlerMapping : Mapped "{[/actuator/threaddump],methods=[GET],produces=[application/vnd.spring-boot.actuator.v2+json || application/json]}" onto public java.lang.Object org.springframework.boot.actuate.endpoint.web.servlet.AbstractWebMvcEndpointHandlerMapping$OperationHandler.handle(javax.servlet.http.HttpServletRequest,java.util.Map<java.lang.String, java.lang.String>)
2018-09-17 14:02:13.223  INFO 4566 --- [main] s.b.a.e.w.s.WebMvcEndpointHandlerMapping : Mapped "{[/actuator/metrics/{requiredMetricName}],methods=[GET],produces=[application/vnd.spring-boot.actuator.v2+json || application/json]}" onto public java.lang.Object org.springframework.boot.actuate.endpoint.web.servlet.AbstractWebMvcEndpointHandlerMapping$OperationHandler.handle(javax.servlet.http.HttpServletRequest,java.util.Map<java.lang.String, java.lang.String>)
2018-09-17 14:02:13.223  INFO 4566 --- [main] s.b.a.e.w.s.WebMvcEndpointHandlerMapping : Mapped "{[/actuator/metrics],methods=[GET],produces=[application/vnd.spring-boot.actuator.v2+json || application/json]}" onto public java.lang.Object org.springframework.boot.actuate.endpoint.web.servlet.AbstractWebMvcEndpointHandlerMapping$OperationHandler.handle(javax.servlet.http.HttpServletRequest,java.util.Map<java.lang.String, java.lang.String>)
2018-09-17 14:02:13.223  INFO 4566 --- [main] s.b.a.e.w.s.WebMvcEndpointHandlerMapping : Mapped "{[/actuator/scheduledtasks],methods=[GET],produces=[application/vnd.spring-boot.actuator.v2+json || application/json]}" onto public java.lang.Object org.springframework.boot.actuate.endpoint.web.servlet.AbstractWebMvcEndpointHandlerMapping$OperationHandler.handle(javax.servlet.http.HttpServletRequest,java.util.Map<java.lang.String, java.lang.String>)
2018-09-17 14:02:13.224  INFO 4566 --- [main] s.b.a.e.w.s.WebMvcEndpointHandlerMapping : Mapped "{[/actuator/httptrace],methods=[GET],produces=[application/vnd.spring-boot.actuator.v2+json || application/json]}" onto public java.lang.Object org.springframework.boot.actuate.endpoint.web.servlet.AbstractWebMvcEndpointHandlerMapping$OperationHandler.handle(javax.servlet.http.HttpServletRequest,java.util.Map<java.lang.String, java.lang.String>)
2018-09-17 14:02:13.224  INFO 4566 --- [main] s.b.a.e.w.s.WebMvcEndpointHandlerMapping : Mapped "{[/actuator/mappings],methods=[GET],produces=[application/vnd.spring-boot.actuator.v2+json || application/json]}" onto public java.lang.Object org.springframework.boot.actuate.endpoint.web.servlet.AbstractWebMvcEndpointHandlerMapping$OperationHandler.handle(javax.servlet.http.HttpServletRequest,java.util.Map<java.lang.String, java.lang.String>)
2018-09-17 14:02:13.224  INFO 4566 --- [main] s.b.a.e.w.s.WebMvcEndpointHandlerMapping : Mapped "{[/actuator/refresh],methods=[POST],produces=[application/vnd.spring-boot.actuator.v2+json || application/json]}" onto public java.lang.Object org.springframework.boot.actuate.endpoint.web.servlet.AbstractWebMvcEndpointHandlerMapping$OperationHandler.handle(javax.servlet.http.HttpServletRequest,java.util.Map<java.lang.String, java.lang.String>)
2018-09-17 14:02:13.224  INFO 4566 --- [main] s.b.a.e.w.s.WebMvcEndpointHandlerMapping : Mapped "{[/actuator/features],methods=[GET],produces=[application/vnd.spring-boot.actuator.v2+json || application/json]}" onto public java.lang.Object org.springframework.boot.actuate.endpoint.web.servlet.AbstractWebMvcEndpointHandlerMapping$OperationHandler.handle(javax.servlet.http.HttpServletRequest,java.util.Map<java.lang.String, java.lang.String>)
2018-09-17 14:02:13.224  INFO 4566 --- [main] s.b.a.e.w.s.WebMvcEndpointHandlerMapping : Mapped "{[/actuator/service-registry],methods=[GET],produces=[application/vnd.spring-boot.actuator.v2+json || application/json]}" onto public java.lang.Object org.springframework.boot.actuate.endpoint.web.servlet.AbstractWebMvcEndpointHandlerMapping$OperationHandler.handle(javax.servlet.http.HttpServletRequest,java.util.Map<java.lang.String, java.lang.String>)
2018-09-17 14:02:13.225  INFO 4566 --- [main] s.b.a.e.w.s.WebMvcEndpointHandlerMapping : Mapped "{[/actuator/service-registry],methods=[POST],consumes=[application/vnd.spring-boot.actuator.v2+json || application/json],produces=[application/vnd.spring-boot.actuator.v2+json || application/json]}" onto public java.lang.Object org.springframework.boot.actuate.endpoint.web.servlet.AbstractWebMvcEndpointHandlerMapping$OperationHandler.handle(javax.servlet.http.HttpServletRequest,java.util.Map<java.lang.String, java.lang.String>)
2018-09-17 14:02:13.225  INFO 4566 --- [main] s.b.a.e.w.s.WebMvcEndpointHandlerMapping : Mapped "{[/actuator],methods=[GET],produces=[application/vnd.spring-boot.actuator.v2+json || application/json]}" onto protected java.util.Map<java.lang.String, java.util.Map<java.lang.String, org.springframework.boot.actuate.endpoint.web.Link>> org.springframework.boot.actuate.endpoint.web.servlet.WebMvcEndpointHandlerMapping.links(javax.servlet.http.HttpServletRequest,javax.servlet.http.HttpServletResponse)
2018-09-17 14:02:13.265  INFO 4566 --- [main] o.s.j.e.a.AnnotationMBeanExporter        : Registering beans for JMX exposure on startup
2018-09-17 14:02:13.272  INFO 4566 --- [main] o.s.j.e.a.AnnotationMBeanExporter        : Bean with name 'environmentManager' has been autodetected for JMX exposure
2018-09-17 14:02:13.273  INFO 4566 --- [main] o.s.j.e.a.AnnotationMBeanExporter        : Bean with name 'refreshScope' has been autodetected for JMX exposure
2018-09-17 14:02:13.274  INFO 4566 --- [main] o.s.j.e.a.AnnotationMBeanExporter        : Bean with name 'configurationPropertiesRebinder' has been autodetected for JMX exposure
2018-09-17 14:02:13.276  INFO 4566 --- [main] o.s.j.e.a.AnnotationMBeanExporter        : Located managed bean 'environmentManager': registering with JMX server as MBean [org.springframework.cloud.context.environment:name=environmentManager,type=EnvironmentManager]
2018-09-17 14:02:13.283  INFO 4566 --- [main] o.s.j.e.a.AnnotationMBeanExporter        : Located managed bean 'refreshScope': registering with JMX server as MBean [org.springframework.cloud.context.scope.refresh:name=refreshScope,type=RefreshScope]
2018-09-17 14:02:13.290  INFO 4566 --- [main] o.s.j.e.a.AnnotationMBeanExporter        : Located managed bean 'configurationPropertiesRebinder': registering with JMX server as MBean [org.springframework.cloud.context.properties:name=configurationPropertiesRebinder,context=26ceffa8,type=ConfigurationPropertiesRebinder]
2018-09-17 14:02:13.298  INFO 4566 --- [main] o.s.c.support.DefaultLifecycleProcessor  : Starting beans in phase 0
2018-09-17 14:02:13.314  INFO 4566 --- [main] o.s.c.n.eureka.InstanceInfoFactory       : Setting initial instance status as: STARTING
2018-09-17 14:02:13.372  INFO 4566 --- [main] com.netflix.discovery.DiscoveryClient    : Initializing Eureka in region us-east-1
2018-09-17 14:02:13.647  INFO 4566 --- [main] c.n.d.provider.DiscoveryJerseyProvider   : Using JSON encoding codec LegacyJacksonJson
2018-09-17 14:02:13.648  INFO 4566 --- [main] c.n.d.provider.DiscoveryJerseyProvider   : Using JSON decoding codec LegacyJacksonJson
2018-09-17 14:02:13.750  INFO 4566 --- [main] c.n.d.provider.DiscoveryJerseyProvider   : Using XML encoding codec XStreamXml
2018-09-17 14:02:13.750  INFO 4566 --- [main] c.n.d.provider.DiscoveryJerseyProvider   : Using XML decoding codec XStreamXml
2018-09-17 14:02:13.876  INFO 4566 --- [main] c.n.d.s.r.aws.ConfigClusterResolver      : Resolving eureka endpoints via configuration
2018-09-17 14:02:13.894  INFO 4566 --- [main] com.netflix.discovery.DiscoveryClient    : Disable delta property : false
2018-09-17 14:02:13.894  INFO 4566 --- [main] com.netflix.discovery.DiscoveryClient    : Single vip registry refresh property : null
2018-09-17 14:02:13.894  INFO 4566 --- [main] com.netflix.discovery.DiscoveryClient    : Force full registry fetch : false
2018-09-17 14:02:13.895  INFO 4566 --- [main] com.netflix.discovery.DiscoveryClient    : Application is null : false
2018-09-17 14:02:13.895  INFO 4566 --- [main] com.netflix.discovery.DiscoveryClient    : Registered Applications size is zero : true
2018-09-17 14:02:13.895  INFO 4566 --- [main] com.netflix.discovery.DiscoveryClient    : Application version is -1: true
2018-09-17 14:02:13.895  INFO 4566 --- [main] com.netflix.discovery.DiscoveryClient    : Getting all instance registry info from the eureka server
2018-09-17 14:02:14.041  INFO 4566 --- [main] com.netflix.discovery.DiscoveryClient    : The response status is 200
2018-09-17 14:02:14.044  INFO 4566 --- [main] com.netflix.discovery.DiscoveryClient    : Starting heartbeat executor: renew interval is: 10
2018-09-17 14:02:14.046  INFO 4566 --- [main] c.n.discovery.InstanceInfoReplicator     : InstanceInfoReplicator onDemand update allowed rate per min is 4
2018-09-17 14:02:14.048  INFO 4566 --- [main] com.netflix.discovery.DiscoveryClient    : Discovery Client initialized at timestamp 1537164134047 with initial instances count: 2
2018-09-17 14:02:14.051  INFO 4566 --- [main] o.s.c.n.e.s.EurekaServiceRegistry        : Registering application service-user with eureka with status UP
2018-09-17 14:02:14.051  INFO 4566 --- [main] com.netflix.discovery.DiscoveryClient    : Saw local status change event StatusChangeEvent [timestamp=1537164134051, current=UP, previous=STARTING]
2018-09-17 14:02:14.053  INFO 4566 --- [DiscoveryClient-InstanceInfoReplicator-0] com.netflix.discovery.DiscoveryClient    : DiscoveryClient_SERVICE-USER/192.168.31.86:service-user:8763: registering service...
2018-09-17 14:02:14.101  INFO 4566 --- [DiscoveryClient-InstanceInfoReplicator-0] com.netflix.discovery.DiscoveryClient    : DiscoveryClient_SERVICE-USER/192.168.31.86:service-user:8763 - registration status: 204
2018-09-17 14:02:14.139  INFO 4566 --- [main] o.s.b.w.embedded.tomcat.TomcatWebServer  : Tomcat started on port(s): 8763 (http) with context path ''
2018-09-17 14:02:14.141  INFO 4566 --- [main] .s.c.n.e.s.EurekaAutoServiceRegistration : Updating port to 8763
2018-09-17 14:02:14.144  INFO 4566 --- [main] c.s.n.s.s.ServiceUserApplication         : Started ServiceUserApplication in 4.912 seconds (JVM running for 5.865)
2018-09-17 14:02:14.874  INFO 4566 --- [RMI TCP Connection(2)-127.0.0.1] o.a.c.c.C.[Tomcat].[localhost].[/]       : Initializing Spring FrameworkServlet 'dispatcherServlet'
2018-09-17 14:02:14.875  INFO 4566 --- [RMI TCP Connection(2)-127.0.0.1] o.s.web.servlet.DispatcherServlet        : FrameworkServlet 'dispatcherServlet': initialization started
2018-09-17 14:02:14.895  INFO 4566 --- [RMI TCP Connection(2)-127.0.0.1] o.s.web.servlet.DispatcherServlet        : FrameworkServlet 'dispatcherServlet': initialization completed in 20 ms
2018-09-17 14:07:13.902  INFO 4566 --- [AsyncResolver-bootstrap-executor-0] c.n.d.s.r.aws.ConfigClusterResolver      : Resolving eureka endpoints via configuration
2018-09-17 14:12:13.906  INFO 4566 --- [AsyncResolver-bootstrap-executor-0] c.n.d.s.r.aws.ConfigClusterResolver      : Resolving eureka endpoints via configuration
2018-09-17 14:17:13.915  INFO 4566 --- [AsyncResolver-bootstrap-executor-0] c.n.d.s.r.aws.ConfigClusterResolver      : Resolving eureka endpoints via configuration
2018-09-17 14:22:13.918  INFO 4566 --- [AsyncResolver-bootstrap-executor-0] c.n.d.s.r.aws.ConfigClusterResolver      : Resolving eureka endpoints via configuration
2018-09-17 14:27:13.927  INFO 4566 --- [AsyncResolver-bootstrap-executor-0] c.n.d.s.r.aws.ConfigClusterResolver      : Resolving eureka endpoints via configuration
2018-09-17 14:28:30.611  INFO 4688 --- [main] .s.n.t.c.ClientTurbineMonitorApplication : No active profile set, falling back to default profiles: default
2018-09-17 14:28:30.626  INFO 4688 --- [main] ConfigServletWebServerApplicationContext : Refreshing org.springframework.boot.web.servlet.context.AnnotationConfigServletWebServerApplicationContext@4b23c30a: startup date [Mon Sep 17 14:28:30 CST 2018]; parent: org.springframework.context.annotation.AnnotationConfigApplicationContext@51399530
2018-09-17 14:28:31.852  INFO 4688 --- [main] o.s.cloud.context.scope.GenericScope     : BeanFactory id=82dab094-69ba-3257-a2bf-a9a53ac91791
2018-09-17 14:28:31.871  INFO 4688 --- [main] f.a.AutowiredAnnotationBeanPostProcessor : JSR-330 'javax.inject.Inject' annotation found and supported for autowiring
2018-09-17 14:28:31.970  INFO 4688 --- [main] trationDelegate$BeanPostProcessorChecker : Bean 'org.springframework.cloud.autoconfigure.ConfigurationPropertiesRebinderAutoConfiguration' of type [org.springframework.cloud.autoconfigure.ConfigurationPropertiesRebinderAutoConfiguration$$EnhancerBySpringCGLIB$$29ef576] is not eligible for getting processed by all BeanPostProcessors (for example: not eligible for auto-proxying)
2018-09-17 14:29:10.957  INFO 4566 --- [Thread-18] ConfigServletWebServerApplicationContext : Closing org.springframework.boot.web.servlet.context.AnnotationConfigServletWebServerApplicationContext@26ceffa8: startup date [Mon Sep 17 14:02:10 CST 2018]; parent: org.springframework.context.annotation.AnnotationConfigApplicationContext@49e53c76
2018-09-17 14:29:10.964  INFO 4566 --- [Thread-18] o.s.c.n.e.s.EurekaServiceRegistry        : Unregistering application service-user with eureka with status DOWN
2018-09-17 14:29:10.964  WARN 4566 --- [Thread-18] com.netflix.discovery.DiscoveryClient    : Saw local status change event StatusChangeEvent [timestamp=1537165750964, current=DOWN, previous=UP]
2018-09-17 14:29:10.964  INFO 4566 --- [DiscoveryClient-InstanceInfoReplicator-0] com.netflix.discovery.DiscoveryClient    : DiscoveryClient_SERVICE-USER/192.168.31.86:service-user:8763: registering service...
2018-09-17 14:29:10.968  INFO 4566 --- [DiscoveryClient-InstanceInfoReplicator-0] com.netflix.discovery.DiscoveryClient    : DiscoveryClient_SERVICE-USER/192.168.31.86:service-user:8763 - registration status: 204
2018-09-17 14:29:10.969  INFO 4566 --- [Thread-18] o.s.c.support.DefaultLifecycleProcessor  : Stopping beans in phase 0
2018-09-17 14:29:10.970  INFO 4566 --- [Thread-18] o.s.j.e.a.AnnotationMBeanExporter        : Unregistering JMX-exposed beans on shutdown
2018-09-17 14:29:10.971  INFO 4566 --- [Thread-18] o.s.j.e.a.AnnotationMBeanExporter        : Unregistering JMX-exposed beans
2018-09-17 14:29:10.975  INFO 4566 --- [Thread-18] com.netflix.discovery.DiscoveryClient    : Shutting down DiscoveryClient ...
2018-09-17 14:29:10.978  WARN 4566 --- [Thread-18] .s.c.a.CommonAnnotationBeanPostProcessor : Invocation of destroy method failed on bean with name 'scopedTarget.eurekaClient': org.springframework.beans.factory.BeanCreationNotAllowedException: Error creating bean with name 'eurekaInstanceConfigBean': Singleton bean creation not allowed while singletons of this factory are in destruction (Do not request a bean from a BeanFactory in a destroy method implementation!)
